2020-12-01 19:40:47,061: INFO __main__ - Created Employee: Pasupathi Thumbur
2020-12-01 19:40:47,061: INFO __main__ - Created Employee: Socratica Python
2020-12-01 19:40:47,061: INFO __main__ - Created Employee: Corey Schafer
2020-12-01 19:40:48,920: INFO employee - Created Employee: Pasupathi Thumbur
2020-12-01 19:40:48,920: INFO employee - Created Employee: Socratica Python
2020-12-01 19:40:48,920: INFO employee - Created Employee: Corey Schafer
2020-12-01 19:48:02,763: INFO employee - Created Employee: Pasupathi Thumbur
2020-12-01 19:48:02,763: INFO employee - Created Employee: Socratica Python
2020-12-01 19:48:02,763: INFO employee - Created Employee: Corey Schafer
2020-12-01 20:04:18,660: INFO employee - Created Employee: Pasupathi Thumbur
2020-12-01 20:04:18,660: INFO employee - Created Employee: Socratica Python
2020-12-01 20:04:18,660: INFO employee - Created Employee: Corey Schafer
2020-12-01 20:06:27,567: INFO employee - Created Employee: Pasupathi Thumbur
2020-12-01 20:06:27,567: INFO employee - Created Employee: Socratica Python
2020-12-01 20:06:27,567: INFO employee - Created Employee: Corey Schafer
2020-12-01 20:06:35,579: INFO employee - Created Employee: Pasupathi Thumbur
2020-12-01 20:06:35,579: INFO employee - Created Employee: Socratica Python
2020-12-01 20:06:35,579: INFO employee - Created Employee: Corey Schafer
2020-12-01 20:06:44,199: INFO employee - Created Employee: Pasupathi Thumbur
2020-12-01 20:06:44,199: INFO employee - Created Employee: Socratica Python
2020-12-01 20:06:44,199: INFO employee - Created Employee: Corey Schafer
2020-12-01 20:11:42,013: INFO employee - Created Employee: Pasupathi Thumbur
2020-12-01 20:11:42,013: INFO employee - Created Employee: Socratica Python
2020-12-01 20:11:42,013: INFO employee - Created Employee: Corey Schafer
2020-12-01 20:12:46,784: INFO employee - Created Employee: Pasupathi Thumbur
2020-12-01 20:12:46,784: INFO employee - Created Employee: Socratica Python
2020-12-01 20:12:46,784: INFO employee - Created Employee: Corey Schafer
2020-12-01 20:12:59,218: INFO employee - Created Employee: Pasupathi Thumbur
2020-12-01 20:12:59,218: INFO employee - Created Employee: Socratica Python
2020-12-01 20:12:59,218: INFO employee - Created Employee: Corey Schafer
2020-12-01 20:19:35,798: INFO employee - Created Employee: Pasupathi Thumbur
2020-12-01 20:19:35,798: INFO employee - Created Employee: Socratica Python
2020-12-01 20:19:35,798: INFO employee - Created Employee: Corey Schafer
2025-05-25 17:26:49,092: INFO __main__ - Created Employee: Pasupathi Thumbur
2025-05-25 17:26:49,092: INFO __main__ - Created Employee: Socratica Python
2025-05-25 17:26:49,092: INFO __main__ - Created Employee: Corey Schafer
2025-05-25 17:27:22,904: INFO employee - Created Employee: Pasupathi Thumbur
2025-05-25 17:27:22,904: INFO employee - Created Employee: Socratica Python
2025-05-25 17:27:22,904: INFO employee - Created Employee: Corey Schafer
