DEB [20190506-15:36:43.307] thr=1   paramiko.transport: starting thread (client mode): 0x3436fd0
DEB [20190506-15:36:43.307] thr=2   paramiko.transport: starting thread (client mode): 0x3aff070
DEB [20190506-15:36:43.307] thr=3   paramiko.transport: starting thread (client mode): 0x3aff1d0
DEB [20190506-15:36:43.307] thr=1   paramiko.transport: Local version/idstring: SSH-2.0-paramiko_2.4.2
DEB [20190506-15:36:43.308] thr=4   paramiko.transport: starting thread (client mode): 0x3aff490
DEB [20190506-15:36:43.308] thr=5   paramiko.transport: starting thread (client mode): 0x3aff330
DEB [20190506-15:36:43.308] thr=2   paramiko.transport: Local version/idstring: SSH-2.0-paramiko_2.4.2
DEB [20190506-15:36:43.308] thr=3   paramiko.transport: Local version/idstring: SSH-2.0-paramiko_2.4.2
DEB [20190506-15:36:43.308] thr=4   paramiko.transport: Local version/idstring: SSH-2.0-paramiko_2.4.2
DEB [20190506-15:36:43.309] thr=5   paramiko.transport: Local version/idstring: SSH-2.0-paramiko_2.4.2
DEB [20190506-15:36:43.340] thr=1   paramiko.transport: Remote version/idstring: SSH-2.0-OpenSSH_7.9p1 Debian-9
INF [20190506-15:36:43.340] thr=1   paramiko.transport: Connected (version 2.0, client OpenSSH_7.9p1)
DEB [20190506-15:36:43.343] thr=1   paramiko.transport: kex algos:['curve25519-sha256', 'curve25519-sha256@libssh.org', 'ecdh-sha2-nistp256', 'ecdh-sha2-nistp384', 'ecdh-sha2-nistp521', 'diffie-hellman-group-exchange-sha256', 'diffie-hellman-group16-sha512', 'diffie-hellman-group18-sha512', 'diffie-hellman-group14-sha256', 'diffie-hellman-group14-sha1'] server key:['rsa-sha2-512', 'rsa-sha2-256', 'ssh-rsa', 'ecdsa-sha2-nistp256', 'ssh-ed25519'] client encrypt:['chacha20-poly1305@openssh.com', 'aes128-ctr', 'aes192-ctr', 'aes256-ctr', 'aes128-gcm@openssh.com', 'aes256-gcm@openssh.com'] server encrypt:['chacha20-poly1305@openssh.com', 'aes128-ctr', 'aes192-ctr', 'aes256-ctr', 'aes128-gcm@openssh.com', 'aes256-gcm@openssh.com'] client mac:['umac-64-etm@openssh.com', 'umac-128-etm@openssh.com', 'hmac-sha2-256-etm@openssh.com', 'hmac-sha2-512-etm@openssh.com', 'hmac-sha1-etm@openssh.com', 'umac-64@openssh.com', 'umac-128@openssh.com', 'hmac-sha2-256', 'hmac-sha2-512', 'hmac-sha1'] server mac:['umac-64-etm@openssh.com', 'umac-128-etm@openssh.com', 'hmac-sha2-256-etm@openssh.com', 'hmac-sha2-512-etm@openssh.com', 'hmac-sha1-etm@openssh.com', 'umac-64@openssh.com', 'umac-128@openssh.com', 'hmac-sha2-256', 'hmac-sha2-512', 'hmac-sha1'] client compress:['none', 'zlib@openssh.com'] server compress:['none', 'zlib@openssh.com'] client lang:[''] server lang:[''] kex follows?False
DEB [20190506-15:36:43.343] thr=1   paramiko.transport: Kex agreed: ecdh-sha2-nistp256
DEB [20190506-15:36:43.343] thr=1   paramiko.transport: HostKey agreed: ssh-ed25519
DEB [20190506-15:36:43.344] thr=1   paramiko.transport: Cipher agreed: aes128-ctr
DEB [20190506-15:36:43.344] thr=1   paramiko.transport: MAC agreed: hmac-sha2-256
DEB [20190506-15:36:43.344] thr=1   paramiko.transport: Compression agreed: none
DEB [20190506-15:36:43.416] thr=1   paramiko.transport: kex engine KexNistp256 specified hash_algo <built-in function openssl_sha256>
DEB [20190506-15:36:43.416] thr=1   paramiko.transport: Switch to new keys ...
DEB [20190506-15:36:43.416] thr=6   paramiko.transport: Adding ssh-ed25519 host key for 10.49.20.156: b'110c4253d5eedecae1ba24eafbbe2ba9'
DEB [20190506-15:36:43.458] thr=1   paramiko.transport: userauth is OK
DEB [20190506-15:36:43.463] thr=2   paramiko.transport: Remote version/idstring: SSH-2.0-dropbear_2017.75
INF [20190506-15:36:43.463] thr=2   paramiko.transport: Connected (version 2.0, client dropbear_2017.75)
DEB [20190506-15:36:43.465] thr=2   paramiko.transport: kex algos:['curve25519-sha256@libssh.org', 'ecdh-sha2-nistp521', 'ecdh-sha2-nistp384', 'ecdh-sha2-nistp256', 'diffie-hellman-group14-sha1', 'diffie-hellman-group1-sha1', 'kexguess2@matt.ucc.asn.au'] server key:['ssh-rsa'] client encrypt:['twofish128-cbc', '3des-ctr', '3des-cbc'] server encrypt:['twofish128-cbc', '3des-ctr', '3des-cbc'] client mac:['hmac-sha1-96', 'hmac-sha1', 'hmac-sha2-256', 'hmac-sha2-512', 'hmac-md5'] server mac:['hmac-sha1-96', 'hmac-sha1', 'hmac-sha2-256', 'hmac-sha2-512', 'hmac-md5'] client compress:['none'] server compress:['none'] client lang:[''] server lang:[''] kex follows?False
DEB [20190506-15:36:43.465] thr=2   paramiko.transport: Kex agreed: ecdh-sha2-nistp256
DEB [20190506-15:36:43.466] thr=2   paramiko.transport: HostKey agreed: ssh-rsa
DEB [20190506-15:36:43.466] thr=2   paramiko.transport: Cipher agreed: 3des-cbc
DEB [20190506-15:36:43.466] thr=2   paramiko.transport: MAC agreed: hmac-sha2-256
DEB [20190506-15:36:43.466] thr=2   paramiko.transport: Compression agreed: none
DEB [20190506-15:36:43.469] thr=3   paramiko.transport: Remote version/idstring: SSH-2.0-dropbear_2017.75
INF [20190506-15:36:43.470] thr=3   paramiko.transport: Connected (version 2.0, client dropbear_2017.75)
DEB [20190506-15:36:43.471] thr=3   paramiko.transport: kex algos:['curve25519-sha256@libssh.org', 'ecdh-sha2-nistp521', 'ecdh-sha2-nistp384', 'ecdh-sha2-nistp256', 'diffie-hellman-group14-sha1', 'diffie-hellman-group1-sha1', 'kexguess2@matt.ucc.asn.au'] server key:['ssh-rsa'] client encrypt:['twofish128-cbc', '3des-ctr', '3des-cbc'] server encrypt:['twofish128-cbc', '3des-ctr', '3des-cbc'] client mac:['hmac-sha1-96', 'hmac-sha1', 'hmac-sha2-256', 'hmac-sha2-512', 'hmac-md5'] server mac:['hmac-sha1-96', 'hmac-sha1', 'hmac-sha2-256', 'hmac-sha2-512', 'hmac-md5'] client compress:['none'] server compress:['none'] client lang:[''] server lang:[''] kex follows?False
DEB [20190506-15:36:43.471] thr=3   paramiko.transport: Kex agreed: ecdh-sha2-nistp256
DEB [20190506-15:36:43.471] thr=3   paramiko.transport: HostKey agreed: ssh-rsa
DEB [20190506-15:36:43.472] thr=3   paramiko.transport: Cipher agreed: 3des-cbc
DEB [20190506-15:36:43.472] thr=3   paramiko.transport: MAC agreed: hmac-sha2-256
DEB [20190506-15:36:43.472] thr=3   paramiko.transport: Compression agreed: none
INF [20190506-15:36:43.485] thr=1   paramiko.transport: Authentication (password) successful!
DEB [20190506-15:36:43.485] thr=1   paramiko.transport: EOF in transport thread
DEB [20190506-15:36:43.492] thr=5   paramiko.transport: Remote version/idstring: SSH-2.0-dropbear_2017.75
INF [20190506-15:36:43.492] thr=5   paramiko.transport: Connected (version 2.0, client dropbear_2017.75)
DEB [20190506-15:36:43.493] thr=5   paramiko.transport: kex algos:['curve25519-sha256@libssh.org', 'ecdh-sha2-nistp521', 'ecdh-sha2-nistp384', 'ecdh-sha2-nistp256', 'diffie-hellman-group14-sha1', 'diffie-hellman-group1-sha1', 'kexguess2@matt.ucc.asn.au'] server key:['ssh-rsa'] client encrypt:['twofish128-cbc', '3des-ctr', '3des-cbc'] server encrypt:['twofish128-cbc', '3des-ctr', '3des-cbc'] client mac:['hmac-sha1-96', 'hmac-sha1', 'hmac-sha2-256', 'hmac-sha2-512', 'hmac-md5'] server mac:['hmac-sha1-96', 'hmac-sha1', 'hmac-sha2-256', 'hmac-sha2-512', 'hmac-md5'] client compress:['none'] server compress:['none'] client lang:[''] server lang:[''] kex follows?False
DEB [20190506-15:36:43.494] thr=5   paramiko.transport: Kex agreed: ecdh-sha2-nistp256
DEB [20190506-15:36:43.494] thr=5   paramiko.transport: HostKey agreed: ssh-rsa
DEB [20190506-15:36:43.494] thr=5   paramiko.transport: Cipher agreed: 3des-cbc
DEB [20190506-15:36:43.494] thr=5   paramiko.transport: MAC agreed: hmac-sha2-256
DEB [20190506-15:36:43.495] thr=5   paramiko.transport: Compression agreed: none
DEB [20190506-15:36:43.532] thr=4   paramiko.transport: Remote version/idstring: SSH-2.0-dropbear_2017.75
INF [20190506-15:36:43.533] thr=4   paramiko.transport: Connected (version 2.0, client dropbear_2017.75)
DEB [20190506-15:36:43.534] thr=4   paramiko.transport: kex algos:['curve25519-sha256@libssh.org', 'ecdh-sha2-nistp521', 'ecdh-sha2-nistp384', 'ecdh-sha2-nistp256', 'diffie-hellman-group14-sha1', 'diffie-hellman-group1-sha1', 'kexguess2@matt.ucc.asn.au'] server key:['ssh-rsa'] client encrypt:['twofish128-cbc', '3des-ctr', '3des-cbc'] server encrypt:['twofish128-cbc', '3des-ctr', '3des-cbc'] client mac:['hmac-sha1-96', 'hmac-sha1', 'hmac-sha2-256', 'hmac-sha2-512', 'hmac-md5'] server mac:['hmac-sha1-96', 'hmac-sha1', 'hmac-sha2-256', 'hmac-sha2-512', 'hmac-md5'] client compress:['none'] server compress:['none'] client lang:[''] server lang:[''] kex follows?False
DEB [20190506-15:36:43.535] thr=4   paramiko.transport: Kex agreed: ecdh-sha2-nistp256
DEB [20190506-15:36:43.535] thr=4   paramiko.transport: HostKey agreed: ssh-rsa
DEB [20190506-15:36:43.535] thr=4   paramiko.transport: Cipher agreed: 3des-cbc
DEB [20190506-15:36:43.535] thr=4   paramiko.transport: MAC agreed: hmac-sha2-256
DEB [20190506-15:36:43.535] thr=4   paramiko.transport: Compression agreed: none
DEB [20190506-15:36:43.739] thr=2   paramiko.transport: kex engine KexNistp256 specified hash_algo <built-in function openssl_sha256>
DEB [20190506-15:36:43.739] thr=2   paramiko.transport: Switch to new keys ...
DEB [20190506-15:36:43.740] thr=7   paramiko.transport: Adding ssh-rsa host key for 10.49.61.125: b'31e24056478f57415e90ce18f174a0c9'
DEB [20190506-15:36:43.741] thr=2   paramiko.transport: userauth is OK
DEB [20190506-15:36:43.743] thr=3   paramiko.transport: kex engine KexNistp256 specified hash_algo <built-in function openssl_sha256>
DEB [20190506-15:36:43.744] thr=3   paramiko.transport: Switch to new keys ...
DEB [20190506-15:36:43.744] thr=8   paramiko.transport: Adding ssh-rsa host key for 10.49.61.126: b'31e24056478f57415e90ce18f174a0c9'
DEB [20190506-15:36:43.746] thr=3   paramiko.transport: userauth is OK
INF [20190506-15:36:43.751] thr=2   paramiko.transport: Authentication (password) successful!
DEB [20190506-15:36:43.751] thr=2   paramiko.transport: EOF in transport thread
INF [20190506-15:36:43.756] thr=3   paramiko.transport: Authentication (password) successful!
DEB [20190506-15:36:43.756] thr=3   paramiko.transport: EOF in transport thread
DEB [20190506-15:36:43.804] thr=5   paramiko.transport: kex engine KexNistp256 specified hash_algo <built-in function openssl_sha256>
DEB [20190506-15:36:43.804] thr=5   paramiko.transport: Switch to new keys ...
DEB [20190506-15:36:43.805] thr=9   paramiko.transport: Adding ssh-rsa host key for 10.49.61.127: b'31e24056478f57415e90ce18f174a0c9'
DEB [20190506-15:36:43.807] thr=5   paramiko.transport: userauth is OK
INF [20190506-15:36:43.820] thr=5   paramiko.transport: Authentication (password) successful!
DEB [20190506-15:36:43.821] thr=5   paramiko.transport: EOF in transport thread
DEB [20190506-15:36:43.850] thr=4   paramiko.transport: kex engine KexNistp256 specified hash_algo <built-in function openssl_sha256>
DEB [20190506-15:36:43.851] thr=4   paramiko.transport: Switch to new keys ...
DEB [20190506-15:36:43.851] thr=10  paramiko.transport: Adding ssh-rsa host key for 10.49.61.128: b'31e24056478f57415e90ce18f174a0c9'
DEB [20190506-15:36:43.853] thr=4   paramiko.transport: userauth is OK
INF [20190506-15:36:43.863] thr=4   paramiko.transport: Authentication (password) successful!
DEB [20190506-15:36:43.863] thr=4   paramiko.transport: EOF in transport thread
